0 info it worked if it ends with ok
1 verbose cli [ '/usr/local/bin/node', '/usr/local/bin/npm', 'install' ]
2 info using npm@3.10.7
3 info using node@v4.5.0
4 silly loadCurrentTree Starting
5 silly install loadCurrentTree
6 silly install readLocalPackageData
7 silly install normalizeTree
8 silly loadCurrentTree Finishing
9 silly loadIdealTree Starting
10 silly install loadIdealTree
11 silly cloneCurrentTree Starting
12 silly install cloneCurrentTreeToIdealTree
13 silly cloneCurrentTree Finishing
14 silly loadShrinkwrap Starting
15 silly install loadShrinkwrap
16 silly loadShrinkwrap Finishing
17 silly loadAllDepsIntoIdealTree Starting
18 silly install loadAllDepsIntoIdealTree
19 silly fetchNamedPackageData noptify
20 silly mapToRegistry name noptify
21 silly mapToRegistry using default registry
22 silly mapToRegistry registry https://registry.npmjs.org/
23 silly mapToRegistry data Result {
23 silly mapToRegistry   raw: 'noptify',
23 silly mapToRegistry   scope: null,
23 silly mapToRegistry   escapedName: 'noptify',
23 silly mapToRegistry   name: 'noptify',
23 silly mapToRegistry   rawSpec: '',
23 silly mapToRegistry   spec: 'latest',
23 silly mapToRegistry   type: 'tag' }
24 silly mapToRegistry uri https://registry.npmjs.org/noptify
25 verbose request uri https://registry.npmjs.org/noptify
26 verbose request no auth needed
27 info attempt registry request try #1 at 4:18:55 PM
28 verbose request id bfc41dbb09ca56c4
29 verbose etag "54FU4PQ3TD6NXXJ8GHL2OMF67"
30 http request GET https://registry.npmjs.org/noptify
31 http 304 https://registry.npmjs.org/noptify
32 verbose headers { date: 'Thu, 22 Sep 2016 20:18:56 GMT',
32 verbose headers   via: '1.1 varnish',
32 verbose headers   'cache-control': 'max-age=300',
32 verbose headers   etag: '"54FU4PQ3TD6NXXJ8GHL2OMF67"',
32 verbose headers   age: '0',
32 verbose headers   connection: 'keep-alive',
32 verbose headers   'x-served-by': 'cache-iad2145-IAD',
32 verbose headers   'x-cache': 'HIT',
32 verbose headers   'x-cache-hits': '1',
32 verbose headers   'x-timer': 'S1474575536.040545,VS0,VE39',
32 verbose headers   vary: 'Accept-Encoding' }
33 silly get cb [ 304,
33 silly get   { date: 'Thu, 22 Sep 2016 20:18:56 GMT',
33 silly get     via: '1.1 varnish',
33 silly get     'cache-control': 'max-age=300',
33 silly get     etag: '"54FU4PQ3TD6NXXJ8GHL2OMF67"',
33 silly get     age: '0',
33 silly get     connection: 'keep-alive',
33 silly get     'x-served-by': 'cache-iad2145-IAD',
33 silly get     'x-cache': 'HIT',
33 silly get     'x-cache-hits': '1',
33 silly get     'x-timer': 'S1474575536.040545,VS0,VE39',
33 silly get     vary: 'Accept-Encoding' } ]
34 verbose etag https://registry.npmjs.org/noptify from cache
35 verbose get saving noptify to /Users/micahbales/.npm/registry.npmjs.org/noptify/.cache.json
36 verbose correctMkdir /Users/micahbales/.npm correctMkdir not in flight; initializing
37 silly resolveWithNewModule noptify@0.0.3 checking installable status
38 silly cache add args [ 'noptify@latest', null ]
39 verbose cache add spec noptify@latest
40 silly cache add parsed spec Result {
40 silly cache add   raw: 'noptify@latest',
40 silly cache add   scope: null,
40 silly cache add   escapedName: 'noptify',
40 silly cache add   name: 'noptify',
40 silly cache add   rawSpec: 'latest',
40 silly cache add   spec: 'latest',
40 silly cache add   type: 'tag' }
41 silly addNamed noptify@latest
42 verbose addNamed "latest" is being treated as a dist-tag for noptify
43 info addNameTag [ 'noptify', 'latest' ]
44 silly mapToRegistry name noptify
45 silly mapToRegistry using default registry
46 silly mapToRegistry registry https://registry.npmjs.org/
47 silly mapToRegistry data Result {
47 silly mapToRegistry   raw: 'noptify',
47 silly mapToRegistry   scope: null,
47 silly mapToRegistry   escapedName: 'noptify',
47 silly mapToRegistry   name: 'noptify',
47 silly mapToRegistry   rawSpec: '',
47 silly mapToRegistry   spec: 'latest',
47 silly mapToRegistry   type: 'tag' }
48 silly mapToRegistry uri https://registry.npmjs.org/noptify
49 verbose addNameTag registry:https://registry.npmjs.org/noptify not in flight; fetching
50 verbose get https://registry.npmjs.org/noptify not expired, no request
51 silly addNameTag next cb for noptify with tag latest
52 silly addNamed noptify@0.0.3
53 verbose addNamed "0.0.3" is a plain semver version for noptify
54 silly cache afterAdd noptify@0.0.3
55 verbose afterAdd /Users/micahbales/.npm/noptify/0.0.3/package/package.json not in flight; writing
56 verbose correctMkdir /Users/micahbales/.npm correctMkdir not in flight; initializing
57 verbose afterAdd /Users/micahbales/.npm/noptify/0.0.3/package/package.json written
58 silly fetchNamedPackageData nopt
59 silly mapToRegistry name nopt
60 silly mapToRegistry using default registry
61 silly mapToRegistry registry https://registry.npmjs.org/
62 silly mapToRegistry data Result {
62 silly mapToRegistry   raw: 'nopt',
62 silly mapToRegistry   scope: null,
62 silly mapToRegistry   escapedName: 'nopt',
62 silly mapToRegistry   name: 'nopt',
62 silly mapToRegistry   rawSpec: '',
62 silly mapToRegistry   spec: 'latest',
62 silly mapToRegistry   type: 'tag' }
63 silly mapToRegistry uri https://registry.npmjs.org/nopt
64 verbose request uri https://registry.npmjs.org/nopt
65 verbose request no auth needed
66 info attempt registry request try #1 at 4:18:56 PM
67 verbose etag "5DZQE0UYALY1FWR4NI37Y9JMS"
68 http request GET https://registry.npmjs.org/nopt
69 http 304 https://registry.npmjs.org/nopt
70 verbose headers { date: 'Thu, 22 Sep 2016 20:18:56 GMT',
70 verbose headers   via: '1.1 varnish',
70 verbose headers   'cache-control': 'max-age=300',
70 verbose headers   etag: '"5DZQE0UYALY1FWR4NI37Y9JMS"',
70 verbose headers   age: '6',
70 verbose headers   connection: 'keep-alive',
70 verbose headers   'x-served-by': 'cache-iad2145-IAD',
70 verbose headers   'x-cache': 'HIT',
70 verbose headers   'x-cache-hits': '1',
70 verbose headers   'x-timer': 'S1474575536.130562,VS0,VE0',
70 verbose headers   vary: 'Accept-Encoding' }
71 silly get cb [ 304,
71 silly get   { date: 'Thu, 22 Sep 2016 20:18:56 GMT',
71 silly get     via: '1.1 varnish',
71 silly get     'cache-control': 'max-age=300',
71 silly get     etag: '"5DZQE0UYALY1FWR4NI37Y9JMS"',
71 silly get     age: '6',
71 silly get     connection: 'keep-alive',
71 silly get     'x-served-by': 'cache-iad2145-IAD',
71 silly get     'x-cache': 'HIT',
71 silly get     'x-cache-hits': '1',
71 silly get     'x-timer': 'S1474575536.130562,VS0,VE0',
71 silly get     vary: 'Accept-Encoding' } ]
72 verbose etag https://registry.npmjs.org/nopt from cache
73 verbose get saving nopt to /Users/micahbales/.npm/registry.npmjs.org/nopt/.cache.json
74 verbose correctMkdir /Users/micahbales/.npm correctMkdir not in flight; initializing
75 silly resolveWithNewModule nopt@2.0.0 checking installable status
76 silly cache add args [ 'nopt@~2.0.0', null ]
77 verbose cache add spec nopt@~2.0.0
78 silly cache add parsed spec Result {
78 silly cache add   raw: 'nopt@~2.0.0',
78 silly cache add   scope: null,
78 silly cache add   escapedName: 'nopt',
78 silly cache add   name: 'nopt',
78 silly cache add   rawSpec: '~2.0.0',
78 silly cache add   spec: '>=2.0.0 <2.1.0',
78 silly cache add   type: 'range' }
79 silly addNamed nopt@>=2.0.0 <2.1.0
80 verbose addNamed ">=2.0.0 <2.1.0" is a valid semver range for nopt
81 silly addNameRange { name: 'nopt', range: '>=2.0.0 <2.1.0', hasData: false }
82 silly mapToRegistry name nopt
83 silly mapToRegistry using default registry
84 silly mapToRegistry registry https://registry.npmjs.org/
85 silly mapToRegistry data Result {
85 silly mapToRegistry   raw: 'nopt',
85 silly mapToRegistry   scope: null,
85 silly mapToRegistry   escapedName: 'nopt',
85 silly mapToRegistry   name: 'nopt',
85 silly mapToRegistry   rawSpec: '',
85 silly mapToRegistry   spec: 'latest',
85 silly mapToRegistry   type: 'tag' }
86 silly mapToRegistry uri https://registry.npmjs.org/nopt
87 verbose addNameRange registry:https://registry.npmjs.org/nopt not in flight; fetching
88 verbose get https://registry.npmjs.org/nopt not expired, no request
89 silly addNameRange number 2 { name: 'nopt', range: '>=2.0.0 <2.1.0', hasData: true }
90 silly addNameRange versions [ 'nopt',
90 silly addNameRange   [ '1.0.0',
90 silly addNameRange     '1.0.1',
90 silly addNameRange     '1.0.2',
90 silly addNameRange     '1.0.3',
90 silly addNameRange     '1.0.4',
90 silly addNameRange     '1.0.5',
90 silly addNameRange     '1.0.6',
90 silly addNameRange     '1.0.7',
90 silly addNameRange     '1.0.8',
90 silly addNameRange     '1.0.9',
90 silly addNameRange     '1.0.10',
90 silly addNameRange     '2.0.0',
90 silly addNameRange     '2.1.0',
90 silly addNameRange     '2.1.1',
90 silly addNameRange     '2.1.2',
90 silly addNameRange     '2.2.0',
90 silly addNameRange     '2.2.1',
90 silly addNameRange     '3.0.0',
90 silly addNameRange     '3.0.1',
90 silly addNameRange     '3.0.2',
90 silly addNameRange     '3.0.3',
90 silly addNameRange     '3.0.4',
90 silly addNameRange     '3.0.5',
90 silly addNameRange     '3.0.6' ] ]
91 silly addNamed nopt@2.0.0
92 verbose addNamed "2.0.0" is a plain semver version for nopt
93 silly cache afterAdd nopt@2.0.0
94 verbose afterAdd /Users/micahbales/.npm/nopt/2.0.0/package/package.json not in flight; writing
95 verbose correctMkdir /Users/micahbales/.npm correctMkdir not in flight; initializing
96 verbose afterAdd /Users/micahbales/.npm/nopt/2.0.0/package/package.json written
97 silly fetchNamedPackageData abbrev
98 silly mapToRegistry name abbrev
99 silly mapToRegistry using default registry
100 silly mapToRegistry registry https://registry.npmjs.org/
101 silly mapToRegistry data Result {
101 silly mapToRegistry   raw: 'abbrev',
101 silly mapToRegistry   scope: null,
101 silly mapToRegistry   escapedName: 'abbrev',
101 silly mapToRegistry   name: 'abbrev',
101 silly mapToRegistry   rawSpec: '',
101 silly mapToRegistry   spec: 'latest',
101 silly mapToRegistry   type: 'tag' }
102 silly mapToRegistry uri https://registry.npmjs.org/abbrev
103 verbose request uri https://registry.npmjs.org/abbrev
104 verbose request no auth needed
105 info attempt registry request try #1 at 4:18:56 PM
106 verbose etag "62NWCZC5Z9LYM8KDMOFL62BXC"
107 http request GET https://registry.npmjs.org/abbrev
108 http 304 https://registry.npmjs.org/abbrev
109 verbose headers { date: 'Thu, 22 Sep 2016 20:18:56 GMT',
109 verbose headers   via: '1.1 varnish',
109 verbose headers   'cache-control': 'max-age=300',
109 verbose headers   etag: '"62NWCZC5Z9LYM8KDMOFL62BXC"',
109 verbose headers   age: '36',
109 verbose headers   connection: 'keep-alive',
109 verbose headers   'x-served-by': 'cache-iad2145-IAD',
109 verbose headers   'x-cache': 'HIT',
109 verbose headers   'x-cache-hits': '1200',
109 verbose headers   'x-timer': 'S1474575536.161099,VS0,VE0',
109 verbose headers   vary: 'Accept-Encoding' }
110 silly get cb [ 304,
110 silly get   { date: 'Thu, 22 Sep 2016 20:18:56 GMT',
110 silly get     via: '1.1 varnish',
110 silly get     'cache-control': 'max-age=300',
110 silly get     etag: '"62NWCZC5Z9LYM8KDMOFL62BXC"',
110 silly get     age: '36',
110 silly get     connection: 'keep-alive',
110 silly get     'x-served-by': 'cache-iad2145-IAD',
110 silly get     'x-cache': 'HIT',
110 silly get     'x-cache-hits': '1200',
110 silly get     'x-timer': 'S1474575536.161099,VS0,VE0',
110 silly get     vary: 'Accept-Encoding' } ]
111 verbose etag https://registry.npmjs.org/abbrev from cache
112 verbose get saving abbrev to /Users/micahbales/.npm/registry.npmjs.org/abbrev/.cache.json
113 verbose correctMkdir /Users/micahbales/.npm correctMkdir not in flight; initializing
114 silly resolveWithNewModule abbrev@1.0.9 checking installable status
115 silly cache add args [ 'abbrev@1', null ]
116 verbose cache add spec abbrev@1
117 silly cache add parsed spec Result {
117 silly cache add   raw: 'abbrev@1',
117 silly cache add   scope: null,
117 silly cache add   escapedName: 'abbrev',
117 silly cache add   name: 'abbrev',
117 silly cache add   rawSpec: '1',
117 silly cache add   spec: '>=1.0.0 <2.0.0',
117 silly cache add   type: 'range' }
118 silly addNamed abbrev@>=1.0.0 <2.0.0
119 verbose addNamed ">=1.0.0 <2.0.0" is a valid semver range for abbrev
120 silly addNameRange { name: 'abbrev', range: '>=1.0.0 <2.0.0', hasData: false }
121 silly mapToRegistry name abbrev
122 silly mapToRegistry using default registry
123 silly mapToRegistry registry https://registry.npmjs.org/
124 silly mapToRegistry data Result {
124 silly mapToRegistry   raw: 'abbrev',
124 silly mapToRegistry   scope: null,
124 silly mapToRegistry   escapedName: 'abbrev',
124 silly mapToRegistry   name: 'abbrev',
124 silly mapToRegistry   rawSpec: '',
124 silly mapToRegistry   spec: 'latest',
124 silly mapToRegistry   type: 'tag' }
125 silly mapToRegistry uri https://registry.npmjs.org/abbrev
126 verbose addNameRange registry:https://registry.npmjs.org/abbrev not in flight; fetching
127 verbose get https://registry.npmjs.org/abbrev not expired, no request
128 silly addNameRange number 2 { name: 'abbrev', range: '>=1.0.0 <2.0.0', hasData: true }
129 silly addNameRange versions [ 'abbrev',
129 silly addNameRange   [ '1.0.3', '1.0.4', '1.0.5', '1.0.6', '1.0.7', '1.0.9' ] ]
130 silly addNamed abbrev@1.0.9
131 verbose addNamed "1.0.9" is a plain semver version for abbrev
132 silly cache afterAdd abbrev@1.0.9
133 verbose afterAdd /Users/micahbales/.npm/abbrev/1.0.9/package/package.json not in flight; writing
134 verbose correctMkdir /Users/micahbales/.npm correctMkdir not in flight; initializing
135 verbose afterAdd /Users/micahbales/.npm/abbrev/1.0.9/package/package.json written
136 silly loadAllDepsIntoIdealTree Finishing
137 silly loadIdealTree Finishing
138 silly currentTree js-assessment@0.3.0
138 silly currentTree ├── abbrev@1.0.9
138 silly currentTree ├── backbone@1.3.3
138 silly currentTree ├─┬ chai@2.3.0
138 silly currentTree │ ├── assertion-error@1.0.0
138 silly currentTree │ └─┬ deep-eql@0.1.3
138 silly currentTree │   └── type-detect@0.1.1
138 silly currentTree ├── expect.js@0.1.2
138 silly currentTree ├─┬ finalhandler@0.3.6
138 silly currentTree │ ├─┬ debug@2.2.0
138 silly currentTree │ │ └── ms@0.7.1
138 silly currentTree │ ├── escape-html@1.0.1
138 silly currentTree │ └─┬ on-finished@2.2.1
138 silly currentTree │   └── ee-first@1.1.0
138 silly currentTree ├─┬ grunt-contrib-connect@0.10.1
138 silly currentTree │ ├── async@0.9.2
138 silly currentTree │ ├── connect-livereload@0.5.4
138 silly currentTree │ ├─┬ connect@2.30.2
138 silly currentTree │ │ ├── basic-auth-connect@1.0.0
138 silly currentTree │ │ ├─┬ body-parser@1.13.3
138 silly currentTree │ │ │ ├── iconv-lite@0.4.11
138 silly currentTree │ │ │ ├─┬ on-finished@2.3.0
138 silly currentTree │ │ │ │ └── ee-first@1.1.1
138 silly currentTree │ │ │ └─┬ raw-body@2.1.7
138 silly currentTree │ │ │   ├── bytes@2.4.0
138 silly currentTree │ │ │   ├── iconv-lite@0.4.13
138 silly currentTree │ │ │   └── unpipe@1.0.0
138 silly currentTree │ │ ├── bytes@2.1.0
138 silly currentTree │ │ ├─┬ compression@1.5.2
138 silly currentTree │ │ │ ├─┬ accepts@1.2.13
138 silly currentTree │ │ │ │ ├─┬ mime-types@2.1.12
138 silly currentTree │ │ │ │ │ └── mime-db@1.24.0
138 silly currentTree │ │ │ │ └── negotiator@0.5.3
138 silly currentTree │ │ │ ├─┬ compressible@2.0.8
138 silly currentTree │ │ │ │ └── mime-db@1.24.0
138 silly currentTree │ │ │ └── vary@1.0.1
138 silly currentTree │ │ ├─┬ connect-timeout@1.6.2
138 silly currentTree │ │ │ └── ms@0.7.1
138 silly currentTree │ │ ├── content-type@1.0.2
138 silly currentTree │ │ ├── cookie-parser@1.3.5
138 silly currentTree │ │ ├── cookie-signature@1.0.6
138 silly currentTree │ │ ├── cookie@0.1.3
138 silly currentTree │ │ ├─┬ csurf@1.8.3
138 silly currentTree │ │ │ └─┬ csrf@3.0.3
138 silly currentTree │ │ │   ├── base64-url@1.2.2
138 silly currentTree │ │ │   ├── rndm@1.2.0
138 silly currentTree │ │ │   ├── tsscmp@1.0.5
138 silly currentTree │ │ │   └─┬ uid-safe@2.1.1
138 silly currentTree │ │ │     └── random-bytes@1.0.0
138 silly currentTree │ │ ├─┬ debug@2.2.0
138 silly currentTree │ │ │ └── ms@0.7.1
138 silly currentTree │ │ ├── depd@1.0.1
138 silly currentTree │ │ ├─┬ errorhandler@1.4.3
138 silly currentTree │ │ │ ├─┬ accepts@1.3.3
138 silly currentTree │ │ │ │ ├─┬ mime-types@2.1.12
138 silly currentTree │ │ │ │ │ └── mime-db@1.24.0
138 silly currentTree │ │ │ │ └── negotiator@0.6.1
138 silly currentTree │ │ │ └── escape-html@1.0.3
138 silly currentTree │ │ ├─┬ express-session@1.11.3
138 silly currentTree │ │ │ ├── crc@3.3.0
138 silly currentTree │ │ │ └─┬ uid-safe@2.0.0
138 silly currentTree │ │ │   └── base64-url@1.2.1
138 silly currentTree │ │ ├─┬ finalhandler@0.4.0
138 silly currentTree │ │ │ ├── escape-html@1.0.2
138 silly currentTree │ │ │ ├─┬ on-finished@2.3.0
138 silly currentTree │ │ │ │ └── ee-first@1.1.1
138 silly currentTree │ │ │ └── unpipe@1.0.0
138 silly currentTree │ │ ├── fresh@0.3.0
138 silly currentTree │ │ ├─┬ http-errors@1.3.1
138 silly currentTree │ │ │ ├── inherits@2.0.3
138 silly currentTree │ │ │ └── statuses@1.3.0
138 silly currentTree │ │ ├─┬ method-override@2.3.6
138 silly currentTree │ │ │ ├── methods@1.1.2
138 silly currentTree │ │ │ └── vary@1.1.0
138 silly currentTree │ │ ├─┬ morgan@1.6.1
138 silly currentTree │ │ │ ├── basic-auth@1.0.4
138 silly currentTree │ │ │ └─┬ on-finished@2.3.0
138 silly currentTree │ │ │   └── ee-first@1.1.1
138 silly currentTree │ │ ├─┬ multiparty@3.3.2
138 silly currentTree │ │ │ ├─┬ readable-stream@1.1.14
138 silly currentTree │ │ │ │ ├── core-util-is@1.0.2
138 silly currentTree │ │ │ │ ├── inherits@2.0.3
138 silly currentTree │ │ │ │ ├── isarray@0.0.1
138 silly currentTree │ │ │ │ └── string_decoder@0.10.31
138 silly currentTree │ │ │ └── stream-counter@0.2.0
138 silly currentTree │ │ ├── on-headers@1.0.1
138 silly currentTree │ │ ├── parseurl@1.3.1
138 silly currentTree │ │ ├── pause@0.1.0
138 silly currentTree │ │ ├── qs@4.0.0
138 silly currentTree │ │ ├── response-time@2.3.1
138 silly currentTree │ │ ├─┬ serve-favicon@2.3.0
138 silly currentTree │ │ │ ├── etag@1.7.0
138 silly currentTree │ │ │ └── ms@0.7.1
138 silly currentTree │ │ ├─┬ serve-index@1.7.3
138 silly currentTree │ │ │ ├─┬ accepts@1.2.13
138 silly currentTree │ │ │ │ └── negotiator@0.5.3
138 silly currentTree │ │ │ ├── batch@0.5.3
138 silly currentTree │ │ │ ├── escape-html@1.0.3
138 silly currentTree │ │ │ └─┬ mime-types@2.1.12
138 silly currentTree │ │ │   └── mime-db@1.24.0
138 silly currentTree │ │ ├─┬ serve-static@1.10.3
138 silly currentTree │ │ │ ├── escape-html@1.0.3
138 silly currentTree │ │ │ └─┬ send@0.13.2
138 silly currentTree │ │ │   ├── depd@1.1.0
138 silly currentTree │ │ │   ├── destroy@1.0.4
138 silly currentTree │ │ │   ├── etag@1.7.0
138 silly currentTree │ │ │   ├── mime@1.3.4
138 silly currentTree │ │ │   ├── ms@0.7.1
138 silly currentTree │ │ │   ├─┬ on-finished@2.3.0
138 silly currentTree │ │ │   │ └── ee-first@1.1.1
138 silly currentTree │ │ │   ├── range-parser@1.0.3
138 silly currentTree │ │ │   └── statuses@1.2.1
138 silly currentTree │ │ ├─┬ type-is@1.6.13
138 silly currentTree │ │ │ ├── media-typer@0.3.0
138 silly currentTree │ │ │ └─┬ mime-types@2.1.12
138 silly currentTree │ │ │   └── mime-db@1.24.0
138 silly currentTree │ │ ├── utils-merge@1.0.0
138 silly currentTree │ │ └── vhost@3.0.2
138 silly currentTree │ ├── opn@1.0.2
138 silly currentTree │ └─┬ portscanner@1.0.0
138 silly currentTree │   └── async@0.1.15
138 silly currentTree ├─┬ grunt-contrib-jshint@0.1.1
138 silly currentTree │ └─┬ jshint@0.9.1
138 silly currentTree │   ├─┬ cli@0.4.3
138 silly currentTree │   │ └─┬ glob@7.1.0
138 silly currentTree │   │   ├── fs.realpath@1.0.0
138 silly currentTree │   │   ├─┬ inflight@1.0.5
138 silly currentTree │   │   │ └── wrappy@1.0.2
138 silly currentTree │   │   ├── inherits@2.0.3
138 silly currentTree │   │   ├─┬ minimatch@3.0.3
138 silly currentTree │   │   │ └─┬ brace-expansion@1.1.6
138 silly currentTree │   │   │   ├── balanced-match@0.4.2
138 silly currentTree │   │   │   └── concat-map@0.0.1
138 silly currentTree │   │   ├─┬ once@1.4.0
138 silly currentTree │   │   │ └── wrappy@1.0.2
138 silly currentTree │   │   └── path-is-absolute@1.0.0
138 silly currentTree │   └─┬ minimatch@0.0.5
138 silly currentTree │     └── lru-cache@1.0.6
138 silly currentTree ├─┬ grunt-contrib-watch@0.4.4
138 silly currentTree │ ├─┬ gaze@0.3.4
138 silly currentTree │ │ ├─┬ fileset@0.1.8
138 silly currentTree │ │ │ └─┬ glob@3.2.11
138 silly currentTree │ │ │   ├── inherits@2.0.3
138 silly currentTree │ │ │   └─┬ minimatch@0.3.0
138 silly currentTree │ │ │     ├── lru-cache@2.7.3
138 silly currentTree │ │ │     └── sigmund@1.0.1
138 silly currentTree │ │ └─┬ minimatch@0.2.14
138 silly currentTree │ │   ├── lru-cache@2.7.3
138 silly currentTree │ │   └── sigmund@1.0.1
138 silly currentTree │ └─┬ tiny-lr@0.0.4
138 silly currentTree │   ├── debug@0.7.4
138 silly currentTree │   ├── faye-websocket@0.4.4
138 silly currentTree │   ├─┬ noptify@0.0.3
138 silly currentTree │   │ └── nopt@2.0.0
138 silly currentTree │   └── qs@0.5.6
138 silly currentTree ├─┬ grunt@0.4.0
138 silly currentTree │ ├── async@0.1.22
138 silly currentTree │ ├── coffee-script@1.3.3
138 silly currentTree │ ├── colors@0.6.2
138 silly currentTree │ ├── dateformat@1.0.2-1.2.3
138 silly currentTree │ ├── eventemitter2@0.4.14
138 silly currentTree │ ├─┬ findup-sync@0.1.3
138 silly currentTree │ │ ├─┬ glob@3.2.11
138 silly currentTree │ │ │ ├── inherits@2.0.3
138 silly currentTree │ │ │ └─┬ minimatch@0.3.0
138 silly currentTree │ │ │   ├── lru-cache@2.7.3
138 silly currentTree │ │ │   └── sigmund@1.0.1
138 silly currentTree │ │ └── lodash@2.4.2
138 silly currentTree │ ├─┬ glob@3.1.21
138 silly currentTree │ │ ├── graceful-fs@1.2.3
138 silly currentTree │ │ └── inherits@1.0.2
138 silly currentTree │ ├── hooker@0.2.3
138 silly currentTree │ ├── iconv-lite@0.2.11
138 silly currentTree │ ├─┬ js-yaml@1.0.3
138 silly currentTree │ │ └─┬ argparse@0.1.16
138 silly currentTree │ │   ├── underscore.string@2.4.0
138 silly currentTree │ │   └── underscore@1.7.0
138 silly currentTree │ ├── lodash@0.9.2
138 silly currentTree │ ├─┬ minimatch@0.2.14
138 silly currentTree │ │ ├── lru-cache@2.7.3
138 silly currentTree │ │ └── sigmund@1.0.1
138 silly currentTree │ ├─┬ nopt@1.0.10
138 silly currentTree │ │ └── abbrev@1.0.9
138 silly currentTree │ ├─┬ rimraf@2.0.3
138 silly currentTree │ │ └── graceful-fs@1.1.14
138 silly currentTree │ ├── underscore.string@2.2.1
138 silly currentTree │ └── which@1.0.9
138 silly currentTree ├── jquery@1.12.4
138 silly currentTree ├─┬ load-grunt-tasks@3.5.2
138 silly currentTree │ ├── arrify@1.0.1
138 silly currentTree │ ├─┬ multimatch@2.1.0
138 silly currentTree │ │ ├── array-differ@1.0.0
138 silly currentTree │ │ ├─┬ array-union@1.0.2
138 silly currentTree │ │ │ └── array-uniq@1.0.3
138 silly currentTree │ │ └─┬ minimatch@3.0.3
138 silly currentTree │ │   └─┬ brace-expansion@1.1.6
138 silly currentTree │ │     ├── balanced-match@0.4.2
138 silly currentTree │ │     └── concat-map@0.0.1
138 silly currentTree │ ├─┬ pkg-up@1.0.0
138 silly currentTree │ │ └─┬ find-up@1.1.2
138 silly currentTree │ │   ├── path-exists@2.1.0
138 silly currentTree │ │   └─┬ pinkie-promise@2.0.1
138 silly currentTree │ │     └── pinkie@2.0.4
138 silly currentTree │ └─┬ resolve-pkg@0.1.0
138 silly currentTree │   └── resolve-from@2.0.0
138 silly currentTree ├─┬ mocha@2.5.3
138 silly currentTree │ ├── commander@2.3.0
138 silly currentTree │ ├─┬ debug@2.2.0
138 silly currentTree │ │ └── ms@0.7.1
138 silly currentTree │ ├── diff@1.4.0
138 silly currentTree │ ├── escape-string-regexp@1.0.2
138 silly currentTree │ ├─┬ glob@3.2.11
138 silly currentTree │ │ ├── inherits@2.0.3
138 silly currentTree │ │ └─┬ minimatch@0.3.0
138 silly currentTree │ │   ├── lru-cache@2.7.3
138 silly currentTree │ │   └── sigmund@1.0.1
138 silly currentTree │ ├── growl@1.9.2
138 silly currentTree │ ├─┬ jade@0.26.3
138 silly currentTree │ │ ├── commander@0.6.1
138 silly currentTree │ │ └── mkdirp@0.3.0
138 silly currentTree │ ├─┬ mkdirp@0.5.1
138 silly currentTree │ │ └── minimist@0.0.8
138 silly currentTree │ ├── supports-color@1.2.0
138 silly currentTree │ └── to-iso-string@0.0.2
138 silly currentTree ├─┬ serve-static@1.11.1
138 silly currentTree │ ├── encodeurl@1.0.1
138 silly currentTree │ ├── escape-html@1.0.3
138 silly currentTree │ ├── parseurl@1.3.1
138 silly currentTree │ └─┬ send@0.14.1
138 silly currentTree │   ├── debug@2.2.0
138 silly currentTree │   ├── depd@1.1.0
138 silly currentTree │   ├── destroy@1.0.4
138 silly currentTree │   ├── etag@1.7.0
138 silly currentTree │   ├── fresh@0.3.0
138 silly currentTree │   ├─┬ http-errors@1.5.0
138 silly currentTree │   │ ├── inherits@2.0.1
138 silly currentTree │   │ └── setprototypeof@1.0.1
138 silly currentTree │   ├── mime@1.3.4
138 silly currentTree │   ├── ms@0.7.1
138 silly currentTree │   ├─┬ on-finished@2.3.0
138 silly currentTree │   │ └── ee-first@1.1.1
138 silly currentTree │   ├── range-parser@1.2.0
138 silly currentTree │   └── statuses@1.3.0
138 silly currentTree ├─┬ sinon@1.17.6
138 silly currentTree │ ├── formatio@1.1.1
138 silly currentTree │ ├── lolex@1.3.2
138 silly currentTree │ ├── samsam@1.1.2
138 silly currentTree │ └─┬ util@0.10.3
138 silly currentTree │   └── inherits@2.0.1
138 silly currentTree └── underscore@1.8.3
139 silly idealTree js-assessment@0.3.0
139 silly idealTree ├── abbrev@1.0.9
139 silly idealTree ├── backbone@1.3.3
139 silly idealTree ├─┬ chai@2.3.0
139 silly idealTree │ ├── assertion-error@1.0.0
139 silly idealTree │ └─┬ deep-eql@0.1.3
139 silly idealTree │   └── type-detect@0.1.1
139 silly idealTree ├── expect.js@0.1.2
139 silly idealTree ├─┬ finalhandler@0.3.6
139 silly idealTree │ ├─┬ debug@2.2.0
139 silly idealTree │ │ └── ms@0.7.1
139 silly idealTree │ ├── escape-html@1.0.1
139 silly idealTree │ └─┬ on-finished@2.2.1
139 silly idealTree │   └── ee-first@1.1.0
139 silly idealTree ├─┬ grunt-contrib-connect@0.10.1
139 silly idealTree │ ├── async@0.9.2
139 silly idealTree │ ├── connect-livereload@0.5.4
139 silly idealTree │ ├─┬ connect@2.30.2
139 silly idealTree │ │ ├── basic-auth-connect@1.0.0
139 silly idealTree │ │ ├─┬ body-parser@1.13.3
139 silly idealTree │ │ │ ├── iconv-lite@0.4.11
139 silly idealTree │ │ │ ├─┬ on-finished@2.3.0
139 silly idealTree │ │ │ │ └── ee-first@1.1.1
139 silly idealTree │ │ │ └─┬ raw-body@2.1.7
139 silly idealTree │ │ │   ├── bytes@2.4.0
139 silly idealTree │ │ │   ├── iconv-lite@0.4.13
139 silly idealTree │ │ │   └── unpipe@1.0.0
139 silly idealTree │ │ ├── bytes@2.1.0
139 silly idealTree │ │ ├─┬ compression@1.5.2
139 silly idealTree │ │ │ ├─┬ accepts@1.2.13
139 silly idealTree │ │ │ │ ├─┬ mime-types@2.1.12
139 silly idealTree │ │ │ │ │ └── mime-db@1.24.0
139 silly idealTree │ │ │ │ └── negotiator@0.5.3
139 silly idealTree │ │ │ ├─┬ compressible@2.0.8
139 silly idealTree │ │ │ │ └── mime-db@1.24.0
139 silly idealTree │ │ │ └── vary@1.0.1
139 silly idealTree │ │ ├─┬ connect-timeout@1.6.2
139 silly idealTree │ │ │ └── ms@0.7.1
139 silly idealTree │ │ ├── content-type@1.0.2
139 silly idealTree │ │ ├── cookie-parser@1.3.5
139 silly idealTree │ │ ├── cookie-signature@1.0.6
139 silly idealTree │ │ ├── cookie@0.1.3
139 silly idealTree │ │ ├─┬ csurf@1.8.3
139 silly idealTree │ │ │ └─┬ csrf@3.0.3
139 silly idealTree │ │ │   ├── base64-url@1.2.2
139 silly idealTree │ │ │   ├── rndm@1.2.0
139 silly idealTree │ │ │   ├── tsscmp@1.0.5
139 silly idealTree │ │ │   └─┬ uid-safe@2.1.1
139 silly idealTree │ │ │     └── random-bytes@1.0.0
139 silly idealTree │ │ ├─┬ debug@2.2.0
139 silly idealTree │ │ │ └── ms@0.7.1
139 silly idealTree │ │ ├── depd@1.0.1
139 silly idealTree │ │ ├─┬ errorhandler@1.4.3
139 silly idealTree │ │ │ ├─┬ accepts@1.3.3
139 silly idealTree │ │ │ │ ├─┬ mime-types@2.1.12
139 silly idealTree │ │ │ │ │ └── mime-db@1.24.0
139 silly idealTree │ │ │ │ └── negotiator@0.6.1
139 silly idealTree │ │ │ └── escape-html@1.0.3
139 silly idealTree │ │ ├─┬ express-session@1.11.3
139 silly idealTree │ │ │ ├── crc@3.3.0
139 silly idealTree │ │ │ └─┬ uid-safe@2.0.0
139 silly idealTree │ │ │   └── base64-url@1.2.1
139 silly idealTree │ │ ├─┬ finalhandler@0.4.0
139 silly idealTree │ │ │ ├── escape-html@1.0.2
139 silly idealTree │ │ │ ├─┬ on-finished@2.3.0
139 silly idealTree │ │ │ │ └── ee-first@1.1.1
139 silly idealTree │ │ │ └── unpipe@1.0.0
139 silly idealTree │ │ ├── fresh@0.3.0
139 silly idealTree │ │ ├─┬ http-errors@1.3.1
139 silly idealTree │ │ │ ├── inherits@2.0.3
139 silly idealTree │ │ │ └── statuses@1.3.0
139 silly idealTree │ │ ├─┬ method-override@2.3.6
139 silly idealTree │ │ │ ├── methods@1.1.2
139 silly idealTree │ │ │ └── vary@1.1.0
139 silly idealTree │ │ ├─┬ morgan@1.6.1
139 silly idealTree │ │ │ ├── basic-auth@1.0.4
139 silly idealTree │ │ │ └─┬ on-finished@2.3.0
139 silly idealTree │ │ │   └── ee-first@1.1.1
139 silly idealTree │ │ ├─┬ multiparty@3.3.2
139 silly idealTree │ │ │ ├─┬ readable-stream@1.1.14
139 silly idealTree │ │ │ │ ├── core-util-is@1.0.2
139 silly idealTree │ │ │ │ ├── inherits@2.0.3
139 silly idealTree │ │ │ │ ├── isarray@0.0.1
139 silly idealTree │ │ │ │ └── string_decoder@0.10.31
139 silly idealTree │ │ │ └── stream-counter@0.2.0
139 silly idealTree │ │ ├── on-headers@1.0.1
139 silly idealTree │ │ ├── parseurl@1.3.1
139 silly idealTree │ │ ├── pause@0.1.0
139 silly idealTree │ │ ├── qs@4.0.0
139 silly idealTree │ │ ├── response-time@2.3.1
139 silly idealTree │ │ ├─┬ serve-favicon@2.3.0
139 silly idealTree │ │ │ ├── etag@1.7.0
139 silly idealTree │ │ │ └── ms@0.7.1
139 silly idealTree │ │ ├─┬ serve-index@1.7.3
139 silly idealTree │ │ │ ├─┬ accepts@1.2.13
139 silly idealTree │ │ │ │ └── negotiator@0.5.3
139 silly idealTree │ │ │ ├── batch@0.5.3
139 silly idealTree │ │ │ ├── escape-html@1.0.3
139 silly idealTree │ │ │ └─┬ mime-types@2.1.12
139 silly idealTree │ │ │   └── mime-db@1.24.0
139 silly idealTree │ │ ├─┬ serve-static@1.10.3
139 silly idealTree │ │ │ ├── escape-html@1.0.3
139 silly idealTree │ │ │ └─┬ send@0.13.2
139 silly idealTree │ │ │   ├── depd@1.1.0
139 silly idealTree │ │ │   ├── destroy@1.0.4
139 silly idealTree │ │ │   ├── etag@1.7.0
139 silly idealTree │ │ │   ├── mime@1.3.4
139 silly idealTree │ │ │   ├── ms@0.7.1
139 silly idealTree │ │ │   ├─┬ on-finished@2.3.0
139 silly idealTree │ │ │   │ └── ee-first@1.1.1
139 silly idealTree │ │ │   ├── range-parser@1.0.3
139 silly idealTree │ │ │   └── statuses@1.2.1
139 silly idealTree │ │ ├─┬ type-is@1.6.13
139 silly idealTree │ │ │ ├── media-typer@0.3.0
139 silly idealTree │ │ │ └─┬ mime-types@2.1.12
139 silly idealTree │ │ │   └── mime-db@1.24.0
139 silly idealTree │ │ ├── utils-merge@1.0.0
139 silly idealTree │ │ └── vhost@3.0.2
139 silly idealTree │ ├── opn@1.0.2
139 silly idealTree │ └─┬ portscanner@1.0.0
139 silly idealTree │   └── async@0.1.15
139 silly idealTree ├─┬ grunt-contrib-jshint@0.1.1
139 silly idealTree │ └─┬ jshint@0.9.1
139 silly idealTree │   ├─┬ cli@0.4.3
139 silly idealTree │   │ └─┬ glob@7.1.0
139 silly idealTree │   │   ├── fs.realpath@1.0.0
139 silly idealTree │   │   ├─┬ inflight@1.0.5
139 silly idealTree │   │   │ └── wrappy@1.0.2
139 silly idealTree │   │   ├── inherits@2.0.3
139 silly idealTree │   │   ├─┬ minimatch@3.0.3
139 silly idealTree │   │   │ └─┬ brace-expansion@1.1.6
139 silly idealTree │   │   │   ├── balanced-match@0.4.2
139 silly idealTree │   │   │   └── concat-map@0.0.1
139 silly idealTree │   │   ├─┬ once@1.4.0
139 silly idealTree │   │   │ └── wrappy@1.0.2
139 silly idealTree │   │   └── path-is-absolute@1.0.0
139 silly idealTree │   └─┬ minimatch@0.0.5
139 silly idealTree │     └── lru-cache@1.0.6
139 silly idealTree ├─┬ grunt-contrib-watch@0.4.4
139 silly idealTree │ ├─┬ gaze@0.3.4
139 silly idealTree │ │ ├─┬ fileset@0.1.8
139 silly idealTree │ │ │ └─┬ glob@3.2.11
139 silly idealTree │ │ │   ├── inherits@2.0.3
139 silly idealTree │ │ │   └─┬ minimatch@0.3.0
139 silly idealTree │ │ │     ├── lru-cache@2.7.3
139 silly idealTree │ │ │     └── sigmund@1.0.1
139 silly idealTree │ │ └─┬ minimatch@0.2.14
139 silly idealTree │ │   ├── lru-cache@2.7.3
139 silly idealTree │ │   └── sigmund@1.0.1
139 silly idealTree │ └─┬ tiny-lr@0.0.4
139 silly idealTree │   ├── debug@0.7.4
139 silly idealTree │   ├── faye-websocket@0.4.4
139 silly idealTree │   ├── noptify@0.0.3
139 silly idealTree │   └── qs@0.5.6
139 silly idealTree ├─┬ grunt@0.4.0
139 silly idealTree │ ├── async@0.1.22
139 silly idealTree │ ├── coffee-script@1.3.3
139 silly idealTree │ ├── colors@0.6.2
139 silly idealTree │ ├── dateformat@1.0.2-1.2.3
139 silly idealTree │ ├── eventemitter2@0.4.14
139 silly idealTree │ ├─┬ findup-sync@0.1.3
139 silly idealTree │ │ ├─┬ glob@3.2.11
139 silly idealTree │ │ │ ├── inherits@2.0.3
139 silly idealTree │ │ │ └─┬ minimatch@0.3.0
139 silly idealTree │ │ │   ├── lru-cache@2.7.3
139 silly idealTree │ │ │   └── sigmund@1.0.1
139 silly idealTree │ │ └── lodash@2.4.2
139 silly idealTree │ ├─┬ glob@3.1.21
139 silly idealTree │ │ ├── graceful-fs@1.2.3
139 silly idealTree │ │ └── inherits@1.0.2
139 silly idealTree │ ├── hooker@0.2.3
139 silly idealTree │ ├── iconv-lite@0.2.11
139 silly idealTree │ ├─┬ js-yaml@1.0.3
139 silly idealTree │ │ └─┬ argparse@0.1.16
139 silly idealTree │ │   ├── underscore.string@2.4.0
139 silly idealTree │ │   └── underscore@1.7.0
139 silly idealTree │ ├── lodash@0.9.2
139 silly idealTree │ ├─┬ minimatch@0.2.14
139 silly idealTree │ │ ├── lru-cache@2.7.3
139 silly idealTree │ │ └── sigmund@1.0.1
139 silly idealTree │ ├─┬ nopt@1.0.10
139 silly idealTree │ │ └── abbrev@1.0.9
139 silly idealTree │ ├─┬ rimraf@2.0.3
139 silly idealTree │ │ └── graceful-fs@1.1.14
139 silly idealTree │ ├── underscore.string@2.2.1
139 silly idealTree │ └── which@1.0.9
139 silly idealTree ├── jquery@1.12.4
139 silly idealTree ├─┬ load-grunt-tasks@3.5.2
139 silly idealTree │ ├── arrify@1.0.1
139 silly idealTree │ ├─┬ multimatch@2.1.0
139 silly idealTree │ │ ├── array-differ@1.0.0
139 silly idealTree │ │ ├─┬ array-union@1.0.2
139 silly idealTree │ │ │ └── array-uniq@1.0.3
139 silly idealTree │ │ └─┬ minimatch@3.0.3
139 silly idealTree │ │   └─┬ brace-expansion@1.1.6
139 silly idealTree │ │     ├── balanced-match@0.4.2
139 silly idealTree │ │     └── concat-map@0.0.1
139 silly idealTree │ ├─┬ pkg-up@1.0.0
139 silly idealTree │ │ └─┬ find-up@1.1.2
139 silly idealTree │ │   ├── path-exists@2.1.0
139 silly idealTree │ │   └─┬ pinkie-promise@2.0.1
139 silly idealTree │ │     └── pinkie@2.0.4
139 silly idealTree │ └─┬ resolve-pkg@0.1.0
139 silly idealTree │   └── resolve-from@2.0.0
139 silly idealTree ├─┬ mocha@2.5.3
139 silly idealTree │ ├── commander@2.3.0
139 silly idealTree │ ├─┬ debug@2.2.0
139 silly idealTree │ │ └── ms@0.7.1
139 silly idealTree │ ├── diff@1.4.0
139 silly idealTree │ ├── escape-string-regexp@1.0.2
139 silly idealTree │ ├─┬ glob@3.2.11
139 silly idealTree │ │ ├── inherits@2.0.3
139 silly idealTree │ │ └─┬ minimatch@0.3.0
139 silly idealTree │ │   ├── lru-cache@2.7.3
139 silly idealTree │ │   └── sigmund@1.0.1
139 silly idealTree │ ├── growl@1.9.2
139 silly idealTree │ ├─┬ jade@0.26.3
139 silly idealTree │ │ ├── commander@0.6.1
139 silly idealTree │ │ └── mkdirp@0.3.0
139 silly idealTree │ ├─┬ mkdirp@0.5.1
139 silly idealTree │ │ └── minimist@0.0.8
139 silly idealTree │ ├── supports-color@1.2.0
139 silly idealTree │ └── to-iso-string@0.0.2
139 silly idealTree ├── nopt@2.0.0
139 silly idealTree ├─┬ serve-static@1.11.1
139 silly idealTree │ ├── encodeurl@1.0.1
139 silly idealTree │ ├── escape-html@1.0.3
139 silly idealTree │ ├── parseurl@1.3.1
139 silly idealTree │ └─┬ send@0.14.1
139 silly idealTree │   ├── debug@2.2.0
139 silly idealTree │   ├── depd@1.1.0
139 silly idealTree │   ├── destroy@1.0.4
139 silly idealTree │   ├── etag@1.7.0
139 silly idealTree │   ├── fresh@0.3.0
139 silly idealTree │   ├─┬ http-errors@1.5.0
139 silly idealTree │   │ ├── inherits@2.0.1
139 silly idealTree │   │ └── setprototypeof@1.0.1
139 silly idealTree │   ├── mime@1.3.4
139 silly idealTree │   ├── ms@0.7.1
139 silly idealTree │   ├─┬ on-finished@2.3.0
139 silly idealTree │   │ └── ee-first@1.1.1
139 silly idealTree │   ├── range-parser@1.2.0
139 silly idealTree │   └── statuses@1.3.0
139 silly idealTree ├─┬ sinon@1.17.6
139 silly idealTree │ ├── formatio@1.1.1
139 silly idealTree │ ├── lolex@1.3.2
139 silly idealTree │ ├── samsam@1.1.2
139 silly idealTree │ └─┬ util@0.10.3
139 silly idealTree │   └── inherits@2.0.1
139 silly idealTree └── underscore@1.8.3
140 silly generateActionsToTake Starting
141 silly install generateActionsToTake
142 silly generateActionsToTake Finishing
143 silly diffTrees action count 1
144 silly diffTrees move nopt@2.0.0
145 silly decomposeActions action count 5
146 silly decomposeActions move nopt@2.0.0
147 silly decomposeActions build nopt@2.0.0
148 silly decomposeActions install nopt@2.0.0
149 silly decomposeActions postinstall nopt@2.0.0
150 silly decomposeActions test nopt@2.0.0
151 silly runTopLevelLifecycles Starting
152 silly install runPreinstallTopLevelLifecycles
153 silly preinstall js-assessment@0.3.0 /Users/micahbales/Dropbox/Documents/Git/Launch-Academy/challenges/phase-9/nebula/js-assessment-e835daca
154 info lifecycle js-assessment@0.3.0~preinstall: js-assessment@0.3.0
155 silly lifecycle js-assessment@0.3.0~preinstall: no script for preinstall, continuing
156 silly executeActions Starting
157 silly install executeActions
158 silly doSerial global-install 0
159 silly doParallel fetch 0
160 verbose correctMkdir /Users/micahbales/.npm/_locks correctMkdir not in flight; initializing
161 verbose lock using /Users/micahbales/.npm/_locks/staging-d7d3b193edc21069.lock for /Users/micahbales/Dropbox/Documents/Git/Launch-Academy/challenges/phase-9/nebula/node_modules/.staging
162 silly doParallel extract 0
163 silly doParallel preinstall 0
164 silly doReverseSerial remove 0
165 silly doSerial move 1
166 silly move /Users/micahbales/Dropbox/Documents/Git/Launch-Academy/challenges/phase-9/nebula/node_modules/grunt-contrib-watch/node_modules/tiny-lr/node_modules/noptify/node_modules/nopt /Users/micahbales/Dropbox/Documents/Git/Launch-Academy/challenges/phase-9/nebula/node_modules/nopt
167 info lifecycle nopt@2.0.0~preuninstall: nopt@2.0.0
168 silly lifecycle nopt@2.0.0~preuninstall: no script for preuninstall, continuing
169 info lifecycle nopt@2.0.0~uninstall: nopt@2.0.0
170 silly lifecycle nopt@2.0.0~uninstall: no script for uninstall, continuing
171 verbose unbuild rmStuff nopt@2.0.0 from /Users/micahbales/Dropbox/Documents/Git/Launch-Academy/challenges/phase-9/nebula/node_modules
172 verbose unbuild rmStuff in /Users/micahbales/Dropbox/Documents/Git/Launch-Academy/challenges/phase-9/nebula/node_modules/grunt-contrib-watch/node_modules/tiny-lr/node_modules/noptify/node_modules
173 silly gentlyRm /Users/micahbales/Dropbox/Documents/Git/Launch-Academy/challenges/phase-9/nebula/node_modules/grunt-contrib-watch/node_modules/tiny-lr/node_modules/noptify/node_modules/.bin/nopt is being gently removed from base /Users/micahbales/Dropbox/Documents/Git/Launch-Academy/challenges/phase-9/nebula/node_modules/grunt-contrib-watch/node_modules/tiny-lr/node_modules/noptify/node_modules/nopt
174 silly isEverInside /Users/micahbales/Dropbox/Documents/Git/Launch-Academy/challenges/phase-9/nebula/node_modules/grunt-contrib-watch/node_modules/tiny-lr/node_modules/noptify/node_modules/.bin/nopt is not inside /Users/micahbales/Dropbox/Documents/Git/Launch-Academy/challenges/phase-9/nebula/node_modules/grunt-contrib-watch/node_modules/tiny-lr/node_modules/noptify/node_modules/nopt
175 silly gentlyRm parent.path = /Users/micahbales/Dropbox/Documents/Git/Launch-Academy/challenges/phase-9/nebula/node_modules/grunt-contrib-watch/node_modules/tiny-lr/node_modules/noptify/node_modules/nopt
176 silly gentlyRm parent.managed = /Users/micahbales/Dropbox/Documents/Git/Launch-Academy/challenges/phase-9/nebula/node_modules/grunt-contrib-watch/node_modules/tiny-lr/node_modules/noptify/node_modules/nopt is in /Users/micahbales/Dropbox/Documents/Git/Launch-Academy/challenges/phase-9/nebula
177 silly gentlyRm target.path =  /Users/micahbales/Dropbox/Documents/Git/Launch-Academy/challenges/phase-9/nebula/node_modules/grunt-contrib-watch/node_modules/tiny-lr/node_modules/noptify/node_modules/.bin/nopt
178 silly gentlyRm target.symlink = null
179 silly gentlyRm target.managed = /Users/micahbales/Dropbox/Documents/Git/Launch-Academy/challenges/phase-9/nebula/node_modules/grunt-contrib-watch/node_modules/tiny-lr/node_modules/noptify/node_modules/.bin/nopt is in /Users/micahbales/Dropbox/Documents/Git/Launch-Academy/challenges/phase-9/nebula
180 silly gentlyRm target.inParent =  false
181 verbose unlock done using /Users/micahbales/.npm/_locks/staging-d7d3b193edc21069.lock for /Users/micahbales/Dropbox/Documents/Git/Launch-Academy/challenges/phase-9/nebula/node_modules/.staging
182 silly rollbackFailedOptional Starting
183 silly rollbackFailedOptional Finishing
184 silly runTopLevelLifecycles Finishing
185 silly install printInstalled
186 verbose stack Error: Refusing to delete /Users/micahbales/Dropbox/Documents/Git/Launch-Academy/challenges/phase-9/nebula/node_modules/grunt-contrib-watch/node_modules/tiny-lr/node_modules/noptify/node_modules/.bin/nopt: is outside /Users/micahbales/Dropbox/Documents/Git/Launch-Academy/challenges/phase-9/nebula/node_modules/grunt-contrib-watch/node_modules/tiny-lr/node_modules/noptify/node_modules/nopt and not a link
186 verbose stack     at clobberFail (/usr/local/lib/node_modules/npm/lib/utils/gently-rm.js:162:12)
186 verbose stack     at isSafeToRm (/usr/local/lib/node_modules/npm/lib/utils/gently-rm.js:155:15)
186 verbose stack     at /usr/local/lib/node_modules/npm/lib/utils/gently-rm.js:93:5
186 verbose stack     at LOOP (/usr/local/lib/node_modules/npm/node_modules/slide/lib/chain.js:7:26)
186 verbose stack     at /usr/local/lib/node_modules/npm/node_modules/slide/lib/chain.js:18:7
186 verbose stack     at /usr/local/lib/node_modules/npm/lib/utils/gently-rm.js:221:7
186 verbose stack     at /usr/local/lib/node_modules/npm/node_modules/iferr/index.js:13:50
186 verbose stack     at _readAllLinks (/usr/local/lib/node_modules/npm/lib/utils/gently-rm.js:256:28)
186 verbose stack     at /usr/local/lib/node_modules/npm/node_modules/iferr/index.js:13:50
186 verbose stack     at resolveSymlink (/usr/local/lib/node_modules/npm/lib/utils/gently-rm.js:267:22)
187 verbose cwd /Users/micahbales/Dropbox/Documents/Git/Launch-Academy/challenges/phase-9/nebula
188 error Darwin 15.6.0
189 error argv "/usr/local/bin/node" "/usr/local/bin/npm" "install"
190 error node v4.5.0
191 error npm  v3.10.7
192 error path /Users/micahbales/Dropbox/Documents/Git/Launch-Academy/challenges/phase-9/nebula/node_modules/grunt-contrib-watch/node_modules/tiny-lr/node_modules/noptify/node_modules/.bin/nopt
193 error code EEXIST
194 error Refusing to delete /Users/micahbales/Dropbox/Documents/Git/Launch-Academy/challenges/phase-9/nebula/node_modules/grunt-contrib-watch/node_modules/tiny-lr/node_modules/noptify/node_modules/.bin/nopt: is outside /Users/micahbales/Dropbox/Documents/Git/Launch-Academy/challenges/phase-9/nebula/node_modules/grunt-contrib-watch/node_modules/tiny-lr/node_modules/noptify/node_modules/nopt and not a link
195 error File exists: /Users/micahbales/Dropbox/Documents/Git/Launch-Academy/challenges/phase-9/nebula/node_modules/grunt-contrib-watch/node_modules/tiny-lr/node_modules/noptify/node_modules/.bin/nopt
196 error Move it away, and try again.
197 verbose exit [ 1, true ]
