0 info it worked if it ends with ok
1 verbose cli [ '/usr/local/bin/node', '/usr/local/bin/npm', 'start' ]
2 info using npm@3.10.7
3 info using node@v4.5.0
4 verbose run-script [ 'prestart', 'start', 'poststart' ]
5 info lifecycle js-assessment@0.3.0~prestart: js-assessment@0.3.0
6 silly lifecycle js-assessment@0.3.0~prestart: no script for prestart, continuing
7 info lifecycle js-assessment@0.3.0~start: js-assessment@0.3.0
8 verbose lifecycle js-assessment@0.3.0~start: unsafe-perm in lifecycle true
9 verbose lifecycle js-assessment@0.3.0~start: PATH: /usr/local/lib/node_modules/npm/bin/node-gyp-bin:/Users/micahbales/Dropbox/Documents/Git/Launch-Academy/challenges/phase-9/dark-nebula/node_modules/.bin:/Users/micahbales/.gem/ruby/2.2.5/bin:/Users/micahbales/.rubies/ruby-2.2.5/lib/ruby/gems/2.2.0/bin:/Users/micahbales/.rubies/ruby-2.2.5/bin:/usr/local/bin:/usr/bin:/bin:/usr/sbin:/sbin:/Applications/Postgres.app/Contents/Versions/9.5/bin
10 verbose lifecycle js-assessment@0.3.0~start: CWD: /Users/micahbales/Dropbox/Documents/Git/Launch-Academy/challenges/phase-9/dark-nebula
11 silly lifecycle js-assessment@0.3.0~start: Args: [ '-c', 'node index.js' ]
12 silly lifecycle js-assessment@0.3.0~start: Returned: code: 1  signal: null
13 info lifecycle js-assessment@0.3.0~start: Failed to exec start script
14 verbose stack Error: js-assessment@0.3.0 start: `node index.js`
14 verbose stack Exit status 1
14 verbose stack     at EventEmitter.<anonymous> (/usr/local/lib/node_modules/npm/lib/utils/lifecycle.js:255:16)
14 verbose stack     at emitTwo (events.js:87:13)
14 verbose stack     at EventEmitter.emit (events.js:172:7)
14 verbose stack     at ChildProcess.<anonymous> (/usr/local/lib/node_modules/npm/lib/utils/spawn.js:40:14)
14 verbose stack     at emitTwo (events.js:87:13)
14 verbose stack     at ChildProcess.emit (events.js:172:7)
14 verbose stack     at maybeClose (internal/child_process.js:829:16)
14 verbose stack     at Process.ChildProcess._handle.onexit (internal/child_process.js:211:5)
15 verbose pkgid js-assessment@0.3.0
16 verbose cwd /Users/micahbales/Dropbox/Documents/Git/Launch-Academy/challenges/phase-9/dark-nebula
17 error Darwin 15.6.0
18 error argv "/usr/local/bin/node" "/usr/local/bin/npm" "start"
19 error node v4.5.0
20 error npm  v3.10.7
21 error code ELIFECYCLE
22 error js-assessment@0.3.0 start: `node index.js`
22 error Exit status 1
23 error Failed at the js-assessment@0.3.0 start script 'node index.js'.
23 error Make sure you have the latest version of node.js and npm installed.
23 error If you do, this is most likely a problem with the js-assessment package,
23 error not with npm itself.
23 error Tell the author that this fails on your system:
23 error     node index.js
23 error You can get information on how to open an issue for this project with:
23 error     npm bugs js-assessment
23 error Or if that isn't available, you can get their info via:
23 error     npm owner ls js-assessment
23 error There is likely additional logging output above.
24 verbose exit [ 1, true ]
